{"numTotalTestSuites":132,"numPassedTestSuites":132,"numFailedTestSuites":0,"numPendingTestSuites":0,"numTotalTests":394,"numPassedTests":394,"numFailedTests":0,"numPendingTests":0,"numTodoTests":0,"startTime":1771530058875,"success":true,"testResults":[{"assertionResults":[{"ancestorTitles":["","AddOrgButton - Component Refactoring Verification"],"fullName":" AddOrgButton - Component Refactoring Verification should use Button component for loading state","status":"passed","title":"should use Button component for loading state","duration":2,"failureMessages":[]},{"ancestorTitles":["","AddOrgButton - Component Refactoring Verification"],"fullName":" AddOrgButton - Component Refactoring Verification should use Button component for error state","status":"passed","title":"should use Button component for error state","duration":0,"failureMessages":[]},{"ancestorTitles":["","AddOrgButton - Component Refactoring Verification"],"fullName":" AddOrgButton - Component Refactoring Verification should use Button component for action button","status":"passed","title":"should use Button component for action button","duration":1,"failureMessages":[]},{"ancestorTitles":["","AddOrgButton - Component Refactoring Verification"],"fullName":" AddOrgButton - Component Refactoring Verification should maintain GitHub icon display","status":"passed","title":"should maintain GitHub icon display","duration":0,"failureMessages":[]},{"ancestorTitles":["","AddOrgButton - Component Refactoring Verification"],"fullName":" AddOrgButton - Component Refactoring Verification should maintain loading state animation","status":"passed","title":"should maintain loading state animation","duration":0,"failureMessages":[]},{"ancestorTitles":["","AddOrgButton - Component Refactoring Verification"],"fullName":" AddOrgButton - Component Refactoring Verification should maintain error state display","status":"passed","title":"should maintain error state display","duration":0,"failureMessages":[]},{"ancestorTitles":["","AddOrgButton - Component Refactoring Verification"],"fullName":" AddOrgButton - Component Refactoring Verification should fetch installation URL from /auth/me endpoint","status":"passed","title":"should fetch installation URL from /auth/me endpoint","duration":1,"failureMessages":[]},{"ancestorTitles":["","AddOrgButton - Component Refactoring Verification"],"fullName":" AddOrgButton - Component Refactoring Verification should redirect to GitHub App installation page","status":"passed","title":"should redirect to GitHub App installation page","duration":0,"failureMessages":[]},{"ancestorTitles":["","AddOrgButton - Component Refactoring Verification"],"fullName":" AddOrgButton - Component Refactoring Verification should use consistent primary variant for main button","status":"passed","title":"should use consistent primary variant for main button","duration":0,"failureMessages":[]},{"ancestorTitles":["","AddOrgButton - Component Refactoring Verification"],"fullName":" AddOrgButton - Component Refactoring Verification should use consistent danger variant for error state","status":"passed","title":"should use consistent danger variant for error state","duration":0,"failureMessages":[]},{"ancestorTitles":["","AddOrgButton - Props Interface"],"fullName":" AddOrgButton - Props Interface should accept optional className prop","status":"passed","title":"should accept optional className prop","duration":0,"failureMessages":[]},{"ancestorTitles":["","AddOrgButton - States"],"fullName":" AddOrgButton - States should show loading state while fetching URL","status":"passed","title":"should show loading state while fetching URL","duration":0,"failureMessages":[]},{"ancestorTitles":["","AddOrgButton - States"],"fullName":" AddOrgButton - States should show error state if fetch fails","status":"passed","title":"should show error state if fetch fails","duration":1,"failureMessages":[]},{"ancestorTitles":["","AddOrgButton - States"],"fullName":" AddOrgButton - States should show ready state when URL is loaded","status":"passed","title":"should show ready state when URL is loaded","duration":0,"failureMessages":[]}],"startTime":1771530067390,"endTime":1771530067396,"status":"passed","message":"","name":"/home/runner/work/vinyl-vault/vinyl-vault/packages/frontend/src/components/AddOrgButton.test.tsx"},{"assertionResults":[{"ancestorTitles":["","AlbumCard - Component Minor Improvements"],"fullName":" AlbumCard - Component Minor Improvements should maintain Card wrapper structure","status":"passed","title":"should maintain Card wrapper structure","duration":2,"failureMessages":[]},{"ancestorTitles":["","AlbumCard - Component Minor Improvements"],"fullName":" AlbumCard - Component Minor Improvements should maintain album info display","status":"passed","title":"should maintain album info display","duration":0,"failureMessages":[]},{"ancestorTitles":["","AlbumCard - Component Minor Improvements"],"fullName":" AlbumCard - Component Minor Improvements should improve expand/collapse button styling","status":"passed","title":"should improve expand/collapse button styling","duration":1,"failureMessages":[]},{"ancestorTitles":["","AlbumCard - Component Minor Improvements"],"fullName":" AlbumCard - Component Minor Improvements should display consistent expand/collapse text","status":"passed","title":"should display consistent expand/collapse text","duration":0,"failureMessages":[]},{"ancestorTitles":["","AlbumCard - Component Minor Improvements"],"fullName":" AlbumCard - Component Minor Improvements should maintain expand/collapse icon animation","status":"passed","title":"should maintain expand/collapse icon animation","duration":0,"failureMessages":[]},{"ancestorTitles":["","AlbumCard - Component Minor Improvements"],"fullName":" AlbumCard - Component Minor Improvements should improve selection indicator icon","status":"passed","title":"should improve selection indicator icon","duration":0,"failureMessages":[]},{"ancestorTitles":["","AlbumCard - Component Minor Improvements"],"fullName":" AlbumCard - Component Minor Improvements should maintain selected state highlighting","status":"passed","title":"should maintain selected state highlighting","duration":1,"failureMessages":[]},{"ancestorTitles":["","AlbumCard - Component Minor Improvements"],"fullName":" AlbumCard - Component Minor Improvements should maintain expanded details section","status":"passed","title":"should maintain expanded details section","duration":0,"failureMessages":[]},{"ancestorTitles":["","AlbumCard - Component Minor Improvements"],"fullName":" AlbumCard - Component Minor Improvements should maintain album metadata display","status":"passed","title":"should maintain album metadata display","duration":0,"failureMessages":[]},{"ancestorTitles":["","AlbumCard - Component Minor Improvements"],"fullName":" AlbumCard - Component Minor Improvements should maintain score badge styling","status":"passed","title":"should maintain score badge styling","duration":0,"failureMessages":[]},{"ancestorTitles":["","AlbumCard - Interaction Patterns"],"fullName":" AlbumCard - Interaction Patterns should toggle expansion on button click","status":"passed","title":"should toggle expansion on button click","duration":0,"failureMessages":[]},{"ancestorTitles":["","AlbumCard - Interaction Patterns"],"fullName":" AlbumCard - Interaction Patterns should select album on card click","status":"passed","title":"should select album on card click","duration":0,"failureMessages":[]},{"ancestorTitles":["","AlbumCard - Interaction Patterns"],"fullName":" AlbumCard - Interaction Patterns should highlight on selection","status":"passed","title":"should highlight on selection","duration":0,"failureMessages":[]},{"ancestorTitles":["","AlbumCard - Interaction Patterns"],"fullName":" AlbumCard - Interaction Patterns should handle hover states","status":"passed","title":"should handle hover states","duration":0,"failureMessages":[]},{"ancestorTitles":["","AlbumCard - Props Interface"],"fullName":" AlbumCard - Props Interface should accept required props","status":"passed","title":"should accept required props","duration":4,"failureMessages":[]},{"ancestorTitles":["","AlbumCard - Props Interface"],"fullName":" AlbumCard - Props Interface should work with Album type structure","status":"passed","title":"should work with Album type structure","duration":0,"failureMessages":[]},{"ancestorTitles":["","AlbumCard - Composition with Child Components"],"fullName":" AlbumCard - Composition with Child Components should compose ScoreBreakdownDisplay","status":"passed","title":"should compose ScoreBreakdownDisplay","duration":1,"failureMessages":[]},{"ancestorTitles":["","AlbumCard - Composition with Child Components"],"fullName":" AlbumCard - Composition with Child Components should compose TrackList","status":"passed","title":"should compose TrackList","duration":0,"failureMessages":[]},{"ancestorTitles":["","AlbumCard - Composition with Child Components"],"fullName":" AlbumCard - Composition with Child Components should compose AlternativeReleasesList","status":"passed","title":"should compose AlternativeReleasesList","duration":0,"failureMessages":[]},{"ancestorTitles":["","AlbumCard - Composition with Child Components"],"fullName":" AlbumCard - Composition with Child Components should use Badge for style tags","status":"passed","title":"should use Badge for style tags","duration":1,"failureMessages":[]}],"startTime":1771530062853,"endTime":1771530062864,"status":"passed","message":"","name":"/home/runner/work/vinyl-vault/vinyl-vault/packages/frontend/src/components/AlbumCard.test.tsx"},{"assertionResults":[{"ancestorTitles":["","AlternativeReleasesList"],"fullName":" AlternativeReleasesList renders heading with release count","status":"passed","title":"renders heading with release count","duration":32,"failureMessages":[]},{"ancestorTitles":["","AlternativeReleasesList"],"fullName":" AlternativeReleasesList renders all release information","status":"passed","title":"renders all release information","duration":11,"failureMessages":[]},{"ancestorTitles":["","AlternativeReleasesList"],"fullName":" AlternativeReleasesList displays dash for missing country","status":"passed","title":"displays dash for missing country","duration":5,"failureMessages":[]},{"ancestorTitles":["","AlternativeReleasesList"],"fullName":" AlternativeReleasesList displays dash for missing year","status":"passed","title":"displays dash for missing year","duration":3,"failureMessages":[]},{"ancestorTitles":["","AlternativeReleasesList"],"fullName":" AlternativeReleasesList displays dash for missing label","status":"passed","title":"displays dash for missing label","duration":7,"failureMessages":[]},{"ancestorTitles":["","AlternativeReleasesList"],"fullName":" AlternativeReleasesList applies different colors for different sources","status":"passed","title":"applies different colors for different sources","duration":4,"failureMessages":[]},{"ancestorTitles":["","AlternativeReleasesList"],"fullName":" AlternativeReleasesList returns null when releases array is empty","status":"passed","title":"returns null when releases array is empty","duration":1,"failureMessages":[]},{"ancestorTitles":["","AlternativeReleasesList"],"fullName":" AlternativeReleasesList returns null when releases prop is undefined","status":"passed","title":"returns null when releases prop is undefined","duration":1,"failureMessages":[]},{"ancestorTitles":["","AlternativeReleasesList"],"fullName":" AlternativeReleasesList truncates long label names","status":"passed","title":"truncates long label names","duration":11,"failureMessages":[]}],"startTime":1771530063977,"endTime":1771530064052,"status":"passed","message":"","name":"/home/runner/work/vinyl-vault/vinyl-vault/packages/frontend/src/components/AlternativeReleasesList.test.tsx"},{"assertionResults":[{"ancestorTitles":["","BarcodeInput"],"fullName":" BarcodeInput renders the input field with label","status":"passed","title":"renders the input field with label","duration":43,"failureMessages":[]},{"ancestorTitles":["","BarcodeInput"],"fullName":" BarcodeInput updates input value on change","status":"passed","title":"updates input value on change","duration":14,"failureMessages":[]},{"ancestorTitles":["","BarcodeInput"],"fullName":" BarcodeInput calls onSubmit when form is submitted","status":"passed","title":"calls onSubmit when form is submitted","duration":12,"failureMessages":[]},{"ancestorTitles":["","BarcodeInput"],"fullName":" BarcodeInput calls onStartCamera when camera button is clicked in normal state","status":"passed","title":"calls onStartCamera when camera button is clicked in normal state","duration":11,"failureMessages":[]},{"ancestorTitles":["","BarcodeInput"],"fullName":" BarcodeInput calls onStopCamera when camera button is clicked in scanning state","status":"passed","title":"calls onStopCamera when camera button is clicked in scanning state","duration":6,"failureMessages":[]},{"ancestorTitles":["","BarcodeInput"],"fullName":" BarcodeInput disables lookup button when loading","status":"passed","title":"disables lookup button when loading","duration":201,"failureMessages":[]},{"ancestorTitles":["","BarcodeInput"],"fullName":" BarcodeInput shows correct button text based on isScanning prop","status":"passed","title":"shows correct button text based on isScanning prop","duration":10,"failureMessages":[]}],"startTime":1771530065163,"endTime":1771530065460,"status":"passed","message":"","name":"/home/runner/work/vinyl-vault/vinyl-vault/packages/frontend/src/components/BarcodeInput.test.tsx"},{"assertionResults":[{"ancestorTitles":["","ErrorAlert Replacement - Integration Tests"],"fullName":" ErrorAlert Replacement - Integration Tests CollectionPage: should display errors using Alert component","status":"passed","title":"CollectionPage: should display errors using Alert component","duration":1,"failureMessages":[]},{"ancestorTitles":["","ErrorAlert Replacement - Integration Tests"],"fullName":" ErrorAlert Replacement - Integration Tests CollectionPage: should allow dismissing individual errors","status":"passed","title":"CollectionPage: should allow dismissing individual errors","duration":1,"failureMessages":[]},{"ancestorTitles":["","ErrorAlert Replacement - Integration Tests"],"fullName":" ErrorAlert Replacement - Integration Tests App: should display error using Alert component","status":"passed","title":"App: should display error using Alert component","duration":0,"failureMessages":[]},{"ancestorTitles":["","ErrorAlert Replacement - Integration Tests"],"fullName":" ErrorAlert Replacement - Integration Tests App: should not render Alert when error is null","status":"passed","title":"App: should not render Alert when error is null","duration":0,"failureMessages":[]},{"ancestorTitles":["","ErrorAlert Removal Verification"],"fullName":" ErrorAlert Removal Verification ErrorAlert component file should be deleted","status":"passed","title":"ErrorAlert component file should be deleted","duration":1,"failureMessages":[]},{"ancestorTitles":["","ErrorAlert Removal Verification"],"fullName":" ErrorAlert Removal Verification ErrorAlert should not be exported from components index","status":"passed","title":"ErrorAlert should not be exported from components index","duration":0,"failureMessages":[]},{"ancestorTitles":["","ErrorAlert Removal Verification"],"fullName":" ErrorAlert Removal Verification No files should import ErrorAlert","status":"passed","title":"No files should import ErrorAlert","duration":0,"failureMessages":[]}],"startTime":1771530068587,"endTime":1771530068590,"status":"passed","message":"","name":"/home/runner/work/vinyl-vault/vinyl-vault/packages/frontend/src/components/ErrorAlert.test.tsx"},{"assertionResults":[{"ancestorTitles":["","Header - Component Refactoring Verification"],"fullName":" Header - Component Refactoring Verification should use Button component for login button","status":"passed","title":"should use Button component for login button","duration":2,"failureMessages":[]},{"ancestorTitles":["","Header - Component Refactoring Verification"],"fullName":" Header - Component Refactoring Verification should use Button component for logout button","status":"passed","title":"should use Button component for logout button","duration":0,"failureMessages":[]},{"ancestorTitles":["","Header - Component Refactoring Verification"],"fullName":" Header - Component Refactoring Verification should import Button component from ui package","status":"passed","title":"should import Button component from ui package","duration":1,"failureMessages":[]},{"ancestorTitles":["","Header - Component Refactoring Verification"],"fullName":" Header - Component Refactoring Verification should maintain login button functionality","status":"passed","title":"should maintain login button functionality","duration":0,"failureMessages":[]},{"ancestorTitles":["","Header - Component Refactoring Verification"],"fullName":" Header - Component Refactoring Verification should maintain logout button functionality","status":"passed","title":"should maintain logout button functionality","duration":0,"failureMessages":[]},{"ancestorTitles":["","Header - Component Refactoring Verification"],"fullName":" Header - Component Refactoring Verification should preserve header layout and structure","status":"passed","title":"should preserve header layout and structure","duration":1,"failureMessages":[]},{"ancestorTitles":["","Header - Component Refactoring Verification"],"fullName":" Header - Component Refactoring Verification should preserve UserMenu layout","status":"passed","title":"should preserve UserMenu layout","duration":0,"failureMessages":[]},{"ancestorTitles":["","Header - Component Refactoring Verification"],"fullName":" Header - Component Refactoring Verification should use consistent emerald color scheme","status":"passed","title":"should use consistent emerald color scheme","duration":0,"failureMessages":[]},{"ancestorTitles":["","Header - Component Refactoring Verification"],"fullName":" Header - Component Refactoring Verification should maintain responsive design","status":"passed","title":"should maintain responsive design","duration":0,"failureMessages":[]},{"ancestorTitles":["","Header - Component Refactoring Verification"],"fullName":" Header - Component Refactoring Verification should display loading state while auth loads","status":"passed","title":"should display loading state while auth loads","duration":1,"failureMessages":[]},{"ancestorTitles":["","Header - Button Variant Usage"],"fullName":" Header - Button Variant Usage should use primary variant for login button","status":"passed","title":"should use primary variant for login button","duration":0,"failureMessages":[]},{"ancestorTitles":["","Header - Button Variant Usage"],"fullName":" Header - Button Variant Usage should use secondary variant for logout button","status":"passed","title":"should use secondary variant for logout button","duration":0,"failureMessages":[]},{"ancestorTitles":["","Header - Button Variant Usage"],"fullName":" Header - Button Variant Usage should use size=\"sm\" for logout button","status":"passed","title":"should use size=\"sm\" for logout button","duration":1,"failureMessages":[]},{"ancestorTitles":["","Header - Visual Consistency"],"fullName":" Header - Visual Consistency should maintain consistent icon spacing with gap-2","status":"passed","title":"should maintain consistent icon spacing with gap-2","duration":0,"failureMessages":[]},{"ancestorTitles":["","Header - Visual Consistency"],"fullName":" Header - Visual Consistency should use consistent text colors for buttons","status":"passed","title":"should use consistent text colors for buttons","duration":0,"failureMessages":[]},{"ancestorTitles":["","Header - Visual Consistency"],"fullName":" Header - Visual Consistency should use consistent focus states for accessibility","status":"passed","title":"should use consistent focus states for accessibility","duration":0,"failureMessages":[]},{"ancestorTitles":["","Header - Visual Consistency"],"fullName":" Header - Visual Consistency should maintain consistent transition behavior","status":"passed","title":"should maintain consistent transition behavior","duration":0,"failureMessages":[]},{"ancestorTitles":["","Header - Props Interface"],"fullName":" Header - Props Interface should accept auth context values","status":"passed","title":"should accept auth context values","duration":0,"failureMessages":[]},{"ancestorTitles":["","Header - Props Interface"],"fullName":" Header - Props Interface should pass correct callbacks to components","status":"passed","title":"should pass correct callbacks to components","duration":1,"failureMessages":[]}],"startTime":1771530063813,"endTime":1771530063820,"status":"passed","message":"","name":"/home/runner/work/vinyl-vault/vinyl-vault/packages/frontend/src/components/Header.test.tsx"},{"assertionResults":[{"ancestorTitles":["","LoadingSpinner - Phase 2.2 Refactoring Documentation","Color Variant System"],"fullName":" LoadingSpinner - Phase 2.2 Refactoring Documentation Color Variant System should support primary (emerald) color variant","status":"passed","title":"should support primary (emerald) color variant","duration":1,"failureMessages":[]},{"ancestorTitles":["","LoadingSpinner - Phase 2.2 Refactoring Documentation","Color Variant System"],"fullName":" LoadingSpinner - Phase 2.2 Refactoring Documentation Color Variant System should support secondary (gray) color variant as default","status":"passed","title":"should support secondary (gray) color variant as default","duration":0,"failureMessages":[]},{"ancestorTitles":["","LoadingSpinner - Phase 2.2 Refactoring Documentation","Color Variant System"],"fullName":" LoadingSpinner - Phase 2.2 Refactoring Documentation Color Variant System should support danger (red) color variant","status":"passed","title":"should support danger (red) color variant","duration":0,"failureMessages":[]},{"ancestorTitles":["","LoadingSpinner - Phase 2.2 Refactoring Documentation","Color Variant System"],"fullName":" LoadingSpinner - Phase 2.2 Refactoring Documentation Color Variant System should support white color variant","status":"passed","title":"should support white color variant","duration":1,"failureMessages":[]},{"ancestorTitles":["","LoadingSpinner - Phase 2.2 Refactoring Documentation","Color Variant System"],"fullName":" LoadingSpinner - Phase 2.2 Refactoring Documentation Color Variant System should default to secondary color when not specified","status":"passed","title":"should default to secondary color when not specified","duration":0,"failureMessages":[]},{"ancestorTitles":["","LoadingSpinner - Phase 2.2 Refactoring Documentation","Size Variants"],"fullName":" LoadingSpinner - Phase 2.2 Refactoring Documentation Size Variants should support small size variant","status":"passed","title":"should support small size variant","duration":0,"failureMessages":[]},{"ancestorTitles":["","LoadingSpinner - Phase 2.2 Refactoring Documentation","Size Variants"],"fullName":" LoadingSpinner - Phase 2.2 Refactoring Documentation Size Variants should support medium size variant as default","status":"passed","title":"should support medium size variant as default","duration":0,"failureMessages":[]},{"ancestorTitles":["","LoadingSpinner - Phase 2.2 Refactoring Documentation","Size Variants"],"fullName":" LoadingSpinner - Phase 2.2 Refactoring Documentation Size Variants should support large size variant","status":"passed","title":"should support large size variant","duration":1,"failureMessages":[]},{"ancestorTitles":["","LoadingSpinner - Phase 2.2 Refactoring Documentation","Size Variants"],"fullName":" LoadingSpinner - Phase 2.2 Refactoring Documentation Size Variants should default to medium size when not specified","status":"passed","title":"should default to medium size when not specified","duration":0,"failureMessages":[]},{"ancestorTitles":["","LoadingSpinner - Phase 2.2 Refactoring Documentation","Animation"],"fullName":" LoadingSpinner - Phase 2.2 Refactoring Documentation Animation should use animate-spin for rotation","status":"passed","title":"should use animate-spin for rotation","duration":0,"failureMessages":[]},{"ancestorTitles":["","LoadingSpinner - Phase 2.2 Refactoring Documentation","Animation"],"fullName":" LoadingSpinner - Phase 2.2 Refactoring Documentation Animation should maintain consistent animation speed","status":"passed","title":"should maintain consistent animation speed","duration":1,"failureMessages":[]},{"ancestorTitles":["","LoadingSpinner - Phase 2.2 Refactoring Documentation","SVG Structure"],"fullName":" LoadingSpinner - Phase 2.2 Refactoring Documentation SVG Structure should use SVG with circle and path elements","status":"passed","title":"should use SVG with circle and path elements","duration":0,"failureMessages":[]},{"ancestorTitles":["","LoadingSpinner - Phase 2.2 Refactoring Documentation","SVG Structure"],"fullName":" LoadingSpinner - Phase 2.2 Refactoring Documentation SVG Structure should use currentColor for color inheritance","status":"passed","title":"should use currentColor for color inheritance","duration":0,"failureMessages":[]},{"ancestorTitles":["","LoadingSpinner - Phase 2.2 Refactoring Documentation","SVG Structure"],"fullName":" LoadingSpinner - Phase 2.2 Refactoring Documentation SVG Structure should use opacity for visual depth","status":"passed","title":"should use opacity for visual depth","duration":0,"failureMessages":[]},{"ancestorTitles":["","LoadingSpinner - Phase 2.2 Refactoring Documentation","Customization"],"fullName":" LoadingSpinner - Phase 2.2 Refactoring Documentation Customization should accept className prop for additional styling","status":"passed","title":"should accept className prop for additional styling","duration":0,"failureMessages":[]},{"ancestorTitles":["","LoadingSpinner - Phase 2.2 Refactoring Documentation","Customization"],"fullName":" LoadingSpinner - Phase 2.2 Refactoring Documentation Customization should combine size, color, and custom classes","status":"passed","title":"should combine size, color, and custom classes","duration":1,"failureMessages":[]},{"ancestorTitles":["","LoadingSpinner - Phase 2.2 Refactoring Documentation","Component Props"],"fullName":" LoadingSpinner - Phase 2.2 Refactoring Documentation Component Props should have well-typed size prop","status":"passed","title":"should have well-typed size prop","duration":0,"failureMessages":[]},{"ancestorTitles":["","LoadingSpinner - Phase 2.2 Refactoring Documentation","Component Props"],"fullName":" LoadingSpinner - Phase 2.2 Refactoring Documentation Component Props should have well-typed color prop","status":"passed","title":"should have well-typed color prop","duration":0,"failureMessages":[]},{"ancestorTitles":["","LoadingSpinner - Phase 2.2 Refactoring Documentation","Component Props"],"fullName":" LoadingSpinner - Phase 2.2 Refactoring Documentation Component Props should have optional className prop","status":"passed","title":"should have optional className prop","duration":0,"failureMessages":[]},{"ancestorTitles":["","LoadingSpinner - Phase 2.2 Refactoring Documentation","Use Cases"],"fullName":" LoadingSpinner - Phase 2.2 Refactoring Documentation Use Cases should work in Button loading states","status":"passed","title":"should work in Button loading states","duration":1,"failureMessages":[]},{"ancestorTitles":["","LoadingSpinner - Phase 2.2 Refactoring Documentation","Use Cases"],"fullName":" LoadingSpinner - Phase 2.2 Refactoring Documentation Use Cases should work for page-level loading","status":"passed","title":"should work for page-level loading","duration":0,"failureMessages":[]},{"ancestorTitles":["","LoadingSpinner - Phase 2.2 Refactoring Documentation","Use Cases"],"fullName":" LoadingSpinner - Phase 2.2 Refactoring Documentation Use Cases should work for inline content loading","status":"passed","title":"should work for inline content loading","duration":0,"failureMessages":[]},{"ancestorTitles":["","LoadingSpinner - Phase 2.2 Refactoring Documentation","Use Cases"],"fullName":" LoadingSpinner - Phase 2.2 Refactoring Documentation Use Cases should work in modal overlays","status":"passed","title":"should work in modal overlays","duration":0,"failureMessages":[]},{"ancestorTitles":["","LoadingSpinner - Phase 2.2 Refactoring Documentation","Theme Integration"],"fullName":" LoadingSpinner - Phase 2.2 Refactoring Documentation Theme Integration should align with Button component colors","status":"passed","title":"should align with Button component colors","duration":0,"failureMessages":[]},{"ancestorTitles":["","LoadingSpinner - Phase 2.2 Refactoring Documentation","Theme Integration"],"fullName":" LoadingSpinner - Phase 2.2 Refactoring Documentation Theme Integration should align with app emerald theme","status":"passed","title":"should align with app emerald theme","duration":0,"failureMessages":[]},{"ancestorTitles":["","LoadingSpinner - Phase 2.2 Refactoring Documentation","Accessibility"],"fullName":" LoadingSpinner - Phase 2.2 Refactoring Documentation Accessibility should inherit color for screen readers","status":"passed","title":"should inherit color for screen readers","duration":1,"failureMessages":[]},{"ancestorTitles":["","LoadingSpinner - Phase 2.2 Refactoring Documentation","Accessibility"],"fullName":" LoadingSpinner - Phase 2.2 Refactoring Documentation Accessibility should not interfere with keyboard navigation","status":"passed","title":"should not interfere with keyboard navigation","duration":0,"failureMessages":[]},{"ancestorTitles":["","LoadingSpinner - Phase 2.2 Refactoring Documentation","Performance"],"fullName":" LoadingSpinner - Phase 2.2 Refactoring Documentation Performance should use CSS animations for efficiency","status":"passed","title":"should use CSS animations for efficiency","duration":1,"failureMessages":[]},{"ancestorTitles":["","LoadingSpinner - Phase 2.2 Refactoring Documentation","Performance"],"fullName":" LoadingSpinner - Phase 2.2 Refactoring Documentation Performance should render minimal DOM elements","status":"passed","title":"should render minimal DOM elements","duration":0,"failureMessages":[]},{"ancestorTitles":["","LoadingSpinner - Phase 2.2 Refactoring Documentation","Backward Compatibility"],"fullName":" LoadingSpinner - Phase 2.2 Refactoring Documentation Backward Compatibility should maintain existing size API","status":"passed","title":"should maintain existing size API","duration":1,"failureMessages":[]},{"ancestorTitles":["","LoadingSpinner - Phase 2.2 Refactoring Documentation","Backward Compatibility"],"fullName":" LoadingSpinner - Phase 2.2 Refactoring Documentation Backward Compatibility should maintain existing className API","status":"passed","title":"should maintain existing className API","duration":0,"failureMessages":[]},{"ancestorTitles":["","LoadingSpinner - Phase 2.2 Refactoring Documentation","Backward Compatibility"],"fullName":" LoadingSpinner - Phase 2.2 Refactoring Documentation Backward Compatibility should maintain default appearance","status":"passed","title":"should maintain default appearance","duration":0,"failureMessages":[]}],"startTime":1771530061739,"endTime":1771530061749,"status":"passed","message":"","name":"/home/runner/work/vinyl-vault/vinyl-vault/packages/frontend/src/components/LoadingSpinner.test.tsx"},{"assertionResults":[{"ancestorTitles":["","Navigation Components - Phase 2.2 Refactoring Documentation","DesktopNavigation Component","Theme Consistency - Emerald Color Scheme"],"fullName":" Navigation Components - Phase 2.2 Refactoring Documentation DesktopNavigation Component Theme Consistency - Emerald Color Scheme should use emerald-600 background for active navigation items","status":"passed","title":"should use emerald-600 background for active navigation items","duration":1,"failureMessages":[]},{"ancestorTitles":["","Navigation Components - Phase 2.2 Refactoring Documentation","DesktopNavigation Component","Theme Consistency - Emerald Color Scheme"],"fullName":" Navigation Components - Phase 2.2 Refactoring Documentation DesktopNavigation Component Theme Consistency - Emerald Color Scheme should render navigation items with consistent styling","status":"passed","title":"should render navigation items with consistent styling","duration":1,"failureMessages":[]},{"ancestorTitles":["","Navigation Components - Phase 2.2 Refactoring Documentation","DesktopNavigation Component","Theme Consistency - Emerald Color Scheme"],"fullName":" Navigation Components - Phase 2.2 Refactoring Documentation DesktopNavigation Component Theme Consistency - Emerald Color Scheme should maintain hover states on inactive items","status":"passed","title":"should maintain hover states on inactive items","duration":0,"failureMessages":[]},{"ancestorTitles":["","Navigation Components - Phase 2.2 Refactoring Documentation","DesktopNavigation Component","Navigation Items Structure"],"fullName":" Navigation Components - Phase 2.2 Refactoring Documentation DesktopNavigation Component Navigation Items Structure should render all four navigation items","status":"passed","title":"should render all four navigation items","duration":1,"failureMessages":[]},{"ancestorTitles":["","Navigation Components - Phase 2.2 Refactoring Documentation","DesktopNavigation Component","Navigation Items Structure"],"fullName":" Navigation Components - Phase 2.2 Refactoring Documentation DesktopNavigation Component Navigation Items Structure should use react-router Link for navigation","status":"passed","title":"should use react-router Link for navigation","duration":0,"failureMessages":[]},{"ancestorTitles":["","Navigation Components - Phase 2.2 Refactoring Documentation","DesktopNavigation Component","Navigation Items Structure"],"fullName":" Navigation Components - Phase 2.2 Refactoring Documentation DesktopNavigation Component Navigation Items Structure should detect active route with useLocation","status":"passed","title":"should detect active route with useLocation","duration":0,"failureMessages":[]},{"ancestorTitles":["","Navigation Components - Phase 2.2 Refactoring Documentation","DesktopNavigation Component","Layout and Positioning"],"fullName":" Navigation Components - Phase 2.2 Refactoring Documentation DesktopNavigation Component Layout and Positioning should render as sidebar with fixed width on desktop","status":"passed","title":"should render as sidebar with fixed width on desktop","duration":0,"failureMessages":[]},{"ancestorTitles":["","Navigation Components - Phase 2.2 Refactoring Documentation","DesktopNavigation Component","Layout and Positioning"],"fullName":" Navigation Components - Phase 2.2 Refactoring Documentation DesktopNavigation Component Layout and Positioning should use space-y-1 for navigation item spacing","status":"passed","title":"should use space-y-1 for navigation item spacing","duration":0,"failureMessages":[]},{"ancestorTitles":["","Navigation Components - Phase 2.2 Refactoring Documentation","DesktopNavigation Component","Layout and Positioning"],"fullName":" Navigation Components - Phase 2.2 Refactoring Documentation DesktopNavigation Component Layout and Positioning should render sidebar footer with stats","status":"passed","title":"should render sidebar footer with stats","duration":0,"failureMessages":[]},{"ancestorTitles":["","Navigation Components - Phase 2.2 Refactoring Documentation","DesktopNavigation Component","Stats Display"],"fullName":" Navigation Components - Phase 2.2 Refactoring Documentation DesktopNavigation Component Stats Display should display record count stat","status":"passed","title":"should display record count stat","duration":0,"failureMessages":[]},{"ancestorTitles":["","Navigation Components - Phase 2.2 Refactoring Documentation","DesktopNavigation Component","Stats Display"],"fullName":" Navigation Components - Phase 2.2 Refactoring Documentation DesktopNavigation Component Stats Display should display artist count stat","status":"passed","title":"should display artist count stat","duration":0,"failureMessages":[]},{"ancestorTitles":["","Navigation Components - Phase 2.2 Refactoring Documentation","DesktopNavigation Component","Stats Display"],"fullName":" Navigation Components - Phase 2.2 Refactoring Documentation DesktopNavigation Component Stats Display should use subtle gray backgrounds for stat cards","status":"passed","title":"should use subtle gray backgrounds for stat cards","duration":0,"failureMessages":[]},{"ancestorTitles":["","Navigation Components - Phase 2.2 Refactoring Documentation","DesktopNavigation Component","Accessibility"],"fullName":" Navigation Components - Phase 2.2 Refactoring Documentation DesktopNavigation Component Accessibility should use semantic nav element","status":"passed","title":"should use semantic nav element","duration":0,"failureMessages":[]},{"ancestorTitles":["","Navigation Components - Phase 2.2 Refactoring Documentation","DesktopNavigation Component","Accessibility"],"fullName":" Navigation Components - Phase 2.2 Refactoring Documentation DesktopNavigation Component Accessibility should use Links for keyboard navigation","status":"passed","title":"should use Links for keyboard navigation","duration":0,"failureMessages":[]},{"ancestorTitles":["","Navigation Components - Phase 2.2 Refactoring Documentation","MobileNavigation Component","Theme Consistency - Emerald Color Scheme"],"fullName":" Navigation Components - Phase 2.2 Refactoring Documentation MobileNavigation Component Theme Consistency - Emerald Color Scheme should use emerald-600 color for active navigation items","status":"passed","title":"should use emerald-600 color for active navigation items","duration":1,"failureMessages":[]},{"ancestorTitles":["","Navigation Components - Phase 2.2 Refactoring Documentation","MobileNavigation Component","Theme Consistency - Emerald Color Scheme"],"fullName":" Navigation Components - Phase 2.2 Refactoring Documentation MobileNavigation Component Theme Consistency - Emerald Color Scheme should use gray-400 for inactive items","status":"passed","title":"should use gray-400 for inactive items","duration":0,"failureMessages":[]},{"ancestorTitles":["","Navigation Components - Phase 2.2 Refactoring Documentation","MobileNavigation Component","Layout and Positioning"],"fullName":" Navigation Components - Phase 2.2 Refactoring Documentation MobileNavigation Component Layout and Positioning should render as bottom navigation bar on mobile","status":"passed","title":"should render as bottom navigation bar on mobile","duration":0,"failureMessages":[]},{"ancestorTitles":["","Navigation Components - Phase 2.2 Refactoring Documentation","MobileNavigation Component","Layout and Positioning"],"fullName":" Navigation Components - Phase 2.2 Refactoring Documentation MobileNavigation Component Layout and Positioning should use flexbox for equal width items","status":"passed","title":"should use flexbox for equal width items","duration":0,"failureMessages":[]},{"ancestorTitles":["","Navigation Components - Phase 2.2 Refactoring Documentation","MobileNavigation Component","Layout and Positioning"],"fullName":" Navigation Components - Phase 2.2 Refactoring Documentation MobileNavigation Component Layout and Positioning should hide on desktop screens","status":"passed","title":"should hide on desktop screens","duration":0,"failureMessages":[]},{"ancestorTitles":["","Navigation Components - Phase 2.2 Refactoring Documentation","MobileNavigation Component","Navigation Items Structure"],"fullName":" Navigation Components - Phase 2.2 Refactoring Documentation MobileNavigation Component Navigation Items Structure should render all navigation items with icons and labels","status":"passed","title":"should render all navigation items with icons and labels","duration":0,"failureMessages":[]},{"ancestorTitles":["","Navigation Components - Phase 2.2 Refactoring Documentation","MobileNavigation Component","Navigation Items Structure"],"fullName":" Navigation Components - Phase 2.2 Refactoring Documentation MobileNavigation Component Navigation Items Structure should use text-xs for compact labels","status":"passed","title":"should use text-xs for compact labels","duration":1,"failureMessages":[]},{"ancestorTitles":["","Navigation Components - Phase 2.2 Refactoring Documentation","MobileNavigation Component","Navigation Items Structure"],"fullName":" Navigation Components - Phase 2.2 Refactoring Documentation MobileNavigation Component Navigation Items Structure should detect active route consistently","status":"passed","title":"should detect active route consistently","duration":0,"failureMessages":[]},{"ancestorTitles":["","Navigation Components - Phase 2.2 Refactoring Documentation","MobileNavigation Component","Touch Interaction"],"fullName":" Navigation Components - Phase 2.2 Refactoring Documentation MobileNavigation Component Touch Interaction should provide adequate touch targets","status":"passed","title":"should provide adequate touch targets","duration":0,"failureMessages":[]},{"ancestorTitles":["","Navigation Components - Phase 2.2 Refactoring Documentation","MobileNavigation Component","Touch Interaction"],"fullName":" Navigation Components - Phase 2.2 Refactoring Documentation MobileNavigation Component Touch Interaction should use Links for native tap behavior","status":"passed","title":"should use Links for native tap behavior","duration":0,"failureMessages":[]},{"ancestorTitles":["","Navigation Components - Phase 2.2 Refactoring Documentation","MobileNavigation Component","Accessibility"],"fullName":" Navigation Components - Phase 2.2 Refactoring Documentation MobileNavigation Component Accessibility should use semantic nav element","status":"passed","title":"should use semantic nav element","duration":0,"failureMessages":[]},{"ancestorTitles":["","Navigation Components - Phase 2.2 Refactoring Documentation","MobileNavigation Component","Accessibility"],"fullName":" Navigation Components - Phase 2.2 Refactoring Documentation MobileNavigation Component Accessibility should include text labels for screen readers","status":"passed","title":"should include text labels for screen readers","duration":0,"failureMessages":[]},{"ancestorTitles":["","Navigation Components - Phase 2.2 Refactoring Documentation","Shared Navigation Data"],"fullName":" Navigation Components - Phase 2.2 Refactoring Documentation Shared Navigation Data should use shared navItems array for consistency","status":"passed","title":"should use shared navItems array for consistency","duration":0,"failureMessages":[]},{"ancestorTitles":["","Navigation Components - Phase 2.2 Refactoring Documentation","Shared Navigation Data"],"fullName":" Navigation Components - Phase 2.2 Refactoring Documentation Shared Navigation Data should include proper SVG icons for all items","status":"passed","title":"should include proper SVG icons for all items","duration":0,"failureMessages":[]},{"ancestorTitles":["","Navigation Components - Phase 2.2 Refactoring Documentation","Shared Navigation Data"],"fullName":" Navigation Components - Phase 2.2 Refactoring Documentation Shared Navigation Data should define four core navigation routes","status":"passed","title":"should define four core navigation routes","duration":1,"failureMessages":[]},{"ancestorTitles":["","Navigation Components - Phase 2.2 Refactoring Documentation","Responsive Design Pattern"],"fullName":" Navigation Components - Phase 2.2 Refactoring Documentation Responsive Design Pattern should provide complementary desktop/mobile navigation","status":"passed","title":"should provide complementary desktop/mobile navigation","duration":0,"failureMessages":[]},{"ancestorTitles":["","Navigation Components - Phase 2.2 Refactoring Documentation","Responsive Design Pattern"],"fullName":" Navigation Components - Phase 2.2 Refactoring Documentation Responsive Design Pattern should use md breakpoint for desktop/mobile switch","status":"passed","title":"should use md breakpoint for desktop/mobile switch","duration":0,"failureMessages":[]},{"ancestorTitles":["","Navigation Components - Phase 2.2 Refactoring Documentation","Responsive Design Pattern"],"fullName":" Navigation Components - Phase 2.2 Refactoring Documentation Responsive Design Pattern should maintain visual consistency across breakpoints","status":"passed","title":"should maintain visual consistency across breakpoints","duration":0,"failureMessages":[]}],"startTime":1771530061646,"endTime":1771530061657,"status":"passed","message":"","name":"/home/runner/work/vinyl-vault/vinyl-vault/packages/frontend/src/components/Navigation.test.tsx"},{"assertionResults":[{"ancestorTitles":["","OrgInstalledNotification - Refactoring to Toast"],"fullName":" OrgInstalledNotification - Refactoring to Toast should now be a wrapper around Toast component","status":"passed","title":"should now be a wrapper around Toast component","duration":1,"failureMessages":[]},{"ancestorTitles":["","OrgInstalledNotification - Refactoring to Toast"],"fullName":" OrgInstalledNotification - Refactoring to Toast should use Toast with success type","status":"passed","title":"should use Toast with success type","duration":0,"failureMessages":[]},{"ancestorTitles":["","OrgInstalledNotification - Refactoring to Toast"],"fullName":" OrgInstalledNotification - Refactoring to Toast should use Toast with title prop","status":"passed","title":"should use Toast with title prop","duration":1,"failureMessages":[]},{"ancestorTitles":["","OrgInstalledNotification - Refactoring to Toast"],"fullName":" OrgInstalledNotification - Refactoring to Toast should compose message with org name","status":"passed","title":"should compose message with org name","duration":0,"failureMessages":[]},{"ancestorTitles":["","OrgInstalledNotification - Refactoring to Toast"],"fullName":" OrgInstalledNotification - Refactoring to Toast should use Toast auto-close feature","status":"passed","title":"should use Toast auto-close feature","duration":0,"failureMessages":[]},{"ancestorTitles":["","OrgInstalledNotification - Refactoring to Toast"],"fullName":" OrgInstalledNotification - Refactoring to Toast should pass onDismiss callback to Toast","status":"passed","title":"should pass onDismiss callback to Toast","duration":0,"failureMessages":[]},{"ancestorTitles":["","OrgInstalledNotification - Refactoring to Toast"],"fullName":" OrgInstalledNotification - Refactoring to Toast should maintain props interface","status":"passed","title":"should maintain props interface","duration":0,"failureMessages":[]},{"ancestorTitles":["","OrgInstalledNotification - Refactoring to Toast"],"fullName":" OrgInstalledNotification - Refactoring to Toast should reduce implementation complexity","status":"passed","title":"should reduce implementation complexity","duration":1,"failureMessages":[]},{"ancestorTitles":["","OrgInstalledNotification - Refactoring to Toast"],"fullName":" OrgInstalledNotification - Refactoring to Toast should maintain visual appearance","status":"passed","title":"should maintain visual appearance","duration":0,"failureMessages":[]},{"ancestorTitles":["","OrgInstalledNotification - Refactoring to Toast"],"fullName":" OrgInstalledNotification - Refactoring to Toast should keep accessibility features","status":"passed","title":"should keep accessibility features","duration":0,"failureMessages":[]},{"ancestorTitles":["","OrgInstalledNotification - Refactoring to Toast"],"fullName":" OrgInstalledNotification - Refactoring to Toast should preserve Animation behavior","status":"passed","title":"should preserve Animation behavior","duration":0,"failureMessages":[]},{"ancestorTitles":["","OrgInstalledNotification - Integration"],"fullName":" OrgInstalledNotification - Integration should be called from App.tsx when org_installed query param detected","status":"passed","title":"should be called from App.tsx when org_installed query param detected","duration":1,"failureMessages":[]},{"ancestorTitles":["","OrgInstalledNotification - Integration"],"fullName":" OrgInstalledNotification - Integration should consolidate notification pattern","status":"passed","title":"should consolidate notification pattern","duration":0,"failureMessages":[]},{"ancestorTitles":["","OrgInstalledNotification - Integration"],"fullName":" OrgInstalledNotification - Integration should work seamlessly with Toast in notifications layer","status":"passed","title":"should work seamlessly with Toast in notifications layer","duration":0,"failureMessages":[]}],"startTime":1771530065200,"endTime":1771530065204,"status":"passed","message":"","name":"/home/runner/work/vinyl-vault/vinyl-vault/packages/frontend/src/components/OrgInstalledNotification.test.tsx"},{"assertionResults":[{"ancestorTitles":["","RecordCard Type Tests"],"fullName":" RecordCard Type Tests should have correct Record type structure","status":"passed","title":"should have correct Record type structure","duration":2,"failureMessages":[]},{"ancestorTitles":["","RecordCard Type Tests"],"fullName":" RecordCard Type Tests should support optional fields","status":"passed","title":"should support optional fields","duration":1,"failureMessages":[]},{"ancestorTitles":["","RecordCard Callback Tests"],"fullName":" RecordCard Callback Tests should handle onEdit callback","status":"passed","title":"should handle onEdit callback","duration":4,"failureMessages":[]},{"ancestorTitles":["","RecordCard Callback Tests"],"fullName":" RecordCard Callback Tests should handle onDelete callback","status":"passed","title":"should handle onDelete callback","duration":1,"failureMessages":[]}],"startTime":1771530067389,"endTime":1771530067397,"status":"passed","message":"","name":"/home/runner/work/vinyl-vault/vinyl-vault/packages/frontend/src/components/RecordCard.test.tsx"},{"assertionResults":[{"ancestorTitles":["","RecordEditModal - Component Refactoring Verification"],"fullName":" RecordEditModal - Component Refactoring Verification should use Modal component instead of raw div backdrop","status":"passed","title":"should use Modal component instead of raw div backdrop","duration":1,"failureMessages":[]},{"ancestorTitles":["","RecordEditModal - Component Refactoring Verification"],"fullName":" RecordEditModal - Component Refactoring Verification should use Input components for form fields","status":"passed","title":"should use Input components for form fields","duration":1,"failureMessages":[]},{"ancestorTitles":["","RecordEditModal - Component Refactoring Verification"],"fullName":" RecordEditModal - Component Refactoring Verification should use Button component for form actions","status":"passed","title":"should use Button component for form actions","duration":0,"failureMessages":[]},{"ancestorTitles":["","RecordEditModal - Component Refactoring Verification"],"fullName":" RecordEditModal - Component Refactoring Verification should use Alert component for error display","status":"passed","title":"should use Alert component for error display","duration":0,"failureMessages":[]},{"ancestorTitles":["","RecordEditModal - Component Refactoring Verification"],"fullName":" RecordEditModal - Component Refactoring Verification should delegate modal behavior to Modal component","status":"passed","title":"should delegate modal behavior to Modal component","duration":0,"failureMessages":[]},{"ancestorTitles":["","RecordEditModal - Component Refactoring Verification"],"fullName":" RecordEditModal - Component Refactoring Verification should remove unnecessary handleBackdropClick function","status":"passed","title":"should remove unnecessary handleBackdropClick function","duration":1,"failureMessages":[]},{"ancestorTitles":["","RecordEditModal - Component Refactoring Verification"],"fullName":" RecordEditModal - Component Refactoring Verification should remove useEffect hooks for scroll and ESC handling","status":"passed","title":"should remove useEffect hooks for scroll and ESC handling","duration":0,"failureMessages":[]},{"ancestorTitles":["","RecordEditModal - Component Refactoring Verification"],"fullName":" RecordEditModal - Component Refactoring Verification should maintain form submission with form ID attribute","status":"passed","title":"should maintain form submission with form ID attribute","duration":0,"failureMessages":[]},{"ancestorTitles":["","RecordEditModal - Component Refactoring Verification"],"fullName":" RecordEditModal - Component Refactoring Verification should maintain disabled state during save operation","status":"passed","title":"should maintain disabled state during save operation","duration":0,"failureMessages":[]},{"ancestorTitles":["","RecordEditModal - Component Refactoring Verification"],"fullName":" RecordEditModal - Component Refactoring Verification should display loading state on save button","status":"passed","title":"should display loading state on save button","duration":0,"failureMessages":[]},{"ancestorTitles":["","RecordEditModal - Component Refactoring Verification"],"fullName":" RecordEditModal - Component Refactoring Verification should render album artwork in modal","status":"passed","title":"should render album artwork in modal","duration":1,"failureMessages":[]},{"ancestorTitles":["","RecordEditModal - Component Refactoring Verification"],"fullName":" RecordEditModal - Component Refactoring Verification should display album and artist information","status":"passed","title":"should display album and artist information","duration":0,"failureMessages":[]},{"ancestorTitles":["","RecordEditModal - Props Interface"],"fullName":" RecordEditModal - Props Interface should accept required props: record, onSave, onCancel","status":"passed","title":"should accept required props: record, onSave, onCancel","duration":0,"failureMessages":[]},{"ancestorTitles":["","RecordEditModal - Props Interface"],"fullName":" RecordEditModal - Props Interface should handle RecordUpdates with optional fields","status":"passed","title":"should handle RecordUpdates with optional fields","duration":0,"failureMessages":[]},{"ancestorTitles":["","RecordEditModal - Visual Consistency"],"fullName":" RecordEditModal - Visual Consistency should use consistent emerald color scheme via Button variants","status":"passed","title":"should use consistent emerald color scheme via Button variants","duration":1,"failureMessages":[]},{"ancestorTitles":["","RecordEditModal - Visual Consistency"],"fullName":" RecordEditModal - Visual Consistency should use consistent spacing via Tailwind classes","status":"passed","title":"should use consistent spacing via Tailwind classes","duration":0,"failureMessages":[]},{"ancestorTitles":["","RecordEditModal - Visual Consistency"],"fullName":" RecordEditModal - Visual Consistency should use consistent typography and text sizes","status":"passed","title":"should use consistent typography and text sizes","duration":0,"failureMessages":[]}],"startTime":1771530062904,"endTime":1771530062909,"status":"passed","message":"","name":"/home/runner/work/vinyl-vault/vinyl-vault/packages/frontend/src/components/RecordEditModal.test.tsx"},{"assertionResults":[{"ancestorTitles":["","ScanBarcode Integration Tests"],"fullName":" ScanBarcode Integration Tests renders the barcode input section","status":"passed","title":"renders the barcode input section","duration":49,"failureMessages":[]},{"ancestorTitles":["","ScanBarcode Integration Tests"],"fullName":" ScanBarcode Integration Tests renders video element for camera feed","status":"passed","title":"renders video element for camera feed","duration":10,"failureMessages":[]},{"ancestorTitles":["","ScanBarcode Integration Tests"],"fullName":" ScanBarcode Integration Tests displays loading state during barcode lookup","status":"passed","title":"displays loading state during barcode lookup","duration":192,"failureMessages":[]},{"ancestorTitles":["","ScanBarcode Integration Tests"],"fullName":" ScanBarcode Integration Tests displays album results after successful lookup","status":"passed","title":"displays album results after successful lookup","duration":33,"failureMessages":[]},{"ancestorTitles":["","ScanBarcode Integration Tests"],"fullName":" ScanBarcode Integration Tests displays error messages when lookup fails","status":"passed","title":"displays error messages when lookup fails","duration":19,"failureMessages":[]},{"ancestorTitles":["","ScanBarcode Integration Tests"],"fullName":" ScanBarcode Integration Tests allows selecting an album and shows add button","status":"passed","title":"allows selecting an album and shows add button","duration":35,"failureMessages":[]},{"ancestorTitles":["","ScanBarcode Integration Tests"],"fullName":" ScanBarcode Integration Tests displays timing information after successful lookup","status":"passed","title":"displays timing information after successful lookup","duration":24,"failureMessages":[]},{"ancestorTitles":["","ScanBarcode Integration Tests"],"fullName":" ScanBarcode Integration Tests calls onRecordAdded callback when record is successfully added","status":"passed","title":"calls onRecordAdded callback when record is successfully added","duration":66,"failureMessages":[]}],"startTime":1771530061185,"endTime":1771530061613,"status":"passed","message":"","name":"/home/runner/work/vinyl-vault/vinyl-vault/packages/frontend/src/components/ScanBarcode.integration.test.tsx"},{"assertionResults":[{"ancestorTitles":["","ScoreBreakdownDisplay"],"fullName":" ScoreBreakdownDisplay renders score breakdown labels and values","status":"passed","title":"renders score breakdown labels and values","duration":42,"failureMessages":[]},{"ancestorTitles":["","ScoreBreakdownDisplay"],"fullName":" ScoreBreakdownDisplay displays positive values with plus sign","status":"passed","title":"displays positive values with plus sign","duration":4,"failureMessages":[]},{"ancestorTitles":["","ScoreBreakdownDisplay"],"fullName":" ScoreBreakdownDisplay displays negative values without plus sign","status":"passed","title":"displays negative values without plus sign","duration":3,"failureMessages":[]},{"ancestorTitles":["","ScoreBreakdownDisplay"],"fullName":" ScoreBreakdownDisplay filters out items with zero value","status":"passed","title":"filters out items with zero value","duration":5,"failureMessages":[]},{"ancestorTitles":["","ScoreBreakdownDisplay"],"fullName":" ScoreBreakdownDisplay applies positive styling to positive values","status":"passed","title":"applies positive styling to positive values","duration":9,"failureMessages":[]},{"ancestorTitles":["","ScoreBreakdownDisplay"],"fullName":" ScoreBreakdownDisplay applies negative styling to negative values","status":"passed","title":"applies negative styling to negative values","duration":3,"failureMessages":[]},{"ancestorTitles":["","ScoreBreakdownDisplay"],"fullName":" ScoreBreakdownDisplay returns null when no items have non-zero values","status":"passed","title":"returns null when no items have non-zero values","duration":2,"failureMessages":[]}],"startTime":1771530066622,"endTime":1771530066690,"status":"passed","message":"","name":"/home/runner/work/vinyl-vault/vinyl-vault/packages/frontend/src/components/ScoreBreakdownDisplay.test.tsx"},{"assertionResults":[{"ancestorTitles":["","TenantSwitcher - Component Refactoring Verification"],"fullName":" TenantSwitcher - Component Refactoring Verification should use Button component for trigger button","status":"passed","title":"should use Button component for trigger button","duration":2,"failureMessages":[]},{"ancestorTitles":["","TenantSwitcher - Component Refactoring Verification"],"fullName":" TenantSwitcher - Component Refactoring Verification should use Button secondary variant for consistency","status":"passed","title":"should use Button secondary variant for consistency","duration":6,"failureMessages":[]},{"ancestorTitles":["","TenantSwitcher - Component Refactoring Verification"],"fullName":" TenantSwitcher - Component Refactoring Verification should use Alert component for error display","status":"passed","title":"should use Alert component for error display","duration":0,"failureMessages":[]},{"ancestorTitles":["","TenantSwitcher - Component Refactoring Verification"],"fullName":" TenantSwitcher - Component Refactoring Verification should maintain dropdown menu structure","status":"passed","title":"should maintain dropdown menu structure","duration":0,"failureMessages":[]},{"ancestorTitles":["","TenantSwitcher - Component Refactoring Verification"],"fullName":" TenantSwitcher - Component Refactoring Verification should display tenant options with labels and badges","status":"passed","title":"should display tenant options with labels and badges","duration":0,"failureMessages":[]},{"ancestorTitles":["","TenantSwitcher - Component Refactoring Verification"],"fullName":" TenantSwitcher - Component Refactoring Verification should maintain loading state handling","status":"passed","title":"should maintain loading state handling","duration":0,"failureMessages":[]},{"ancestorTitles":["","TenantSwitcher - Component Refactoring Verification"],"fullName":" TenantSwitcher - Component Refactoring Verification should maintain active tenant highlighting","status":"passed","title":"should maintain active tenant highlighting","duration":0,"failureMessages":[]},{"ancestorTitles":["","TenantSwitcher - Component Refactoring Verification"],"fullName":" TenantSwitcher - Component Refactoring Verification should maintain click-outside-to-close behavior","status":"passed","title":"should maintain click-outside-to-close behavior","duration":0,"failureMessages":[]},{"ancestorTitles":["","TenantSwitcher - Component Refactoring Verification"],"fullName":" TenantSwitcher - Component Refactoring Verification should handle tenant switching with loading state","status":"passed","title":"should handle tenant switching with loading state","duration":0,"failureMessages":[]},{"ancestorTitles":["","TenantSwitcher - Component Refactoring Verification"],"fullName":" TenantSwitcher - Component Refactoring Verification should hide component when inactive tenant or no active tenant","status":"passed","title":"should hide component when inactive tenant or no active tenant","duration":1,"failureMessages":[]},{"ancestorTitles":["","TenantSwitcher - Component Refactoring Verification"],"fullName":" TenantSwitcher - Component Refactoring Verification should maintain dropdown scroll behavior","status":"passed","title":"should maintain dropdown scroll behavior","duration":0,"failureMessages":[]},{"ancestorTitles":["","TenantSwitcher - Visual Consistency"],"fullName":" TenantSwitcher - Visual Consistency should use consistent color scheme","status":"passed","title":"should use consistent color scheme","duration":0,"failureMessages":[]},{"ancestorTitles":["","TenantSwitcher - Visual Consistency"],"fullName":" TenantSwitcher - Visual Consistency should maintain hover states","status":"passed","title":"should maintain hover states","duration":1,"failureMessages":[]},{"ancestorTitles":["","TenantSwitcher - Visual Consistency"],"fullName":" TenantSwitcher - Visual Consistency should display dropdown icon with rotation","status":"passed","title":"should display dropdown icon with rotation","duration":0,"failureMessages":[]},{"ancestorTitles":["","TenantSwitcher - Visual Consistency"],"fullName":" TenantSwitcher - Visual Consistency should use proper typography hierarchy","status":"passed","title":"should use proper typography hierarchy","duration":2,"failureMessages":[]},{"ancestorTitles":["","TenantSwitcher - Error Handling"],"fullName":" TenantSwitcher - Error Handling should display error in Alert component","status":"passed","title":"should display error in Alert component","duration":0,"failureMessages":[]},{"ancestorTitles":["","TenantSwitcher - Error Handling"],"fullName":" TenantSwitcher - Error Handling should keep menu open on error","status":"passed","title":"should keep menu open on error","duration":0,"failureMessages":[]},{"ancestorTitles":["","TenantSwitcher - Error Handling"],"fullName":" TenantSwitcher - Error Handling should handle network errors gracefully","status":"passed","title":"should handle network errors gracefully","duration":0,"failureMessages":[]},{"ancestorTitles":["","TenantSwitcher - Props Interface"],"fullName":" TenantSwitcher - Props Interface should work with useAuth context","status":"passed","title":"should work with useAuth context","duration":0,"failureMessages":[]},{"ancestorTitles":["","TenantSwitcher - Props Interface"],"fullName":" TenantSwitcher - Props Interface should use getRoleColors and getRoleLabel utilities","status":"passed","title":"should use getRoleColors and getRoleLabel utilities","duration":1,"failureMessages":[]}],"startTime":1771530062698,"endTime":1771530062713,"status":"passed","message":"","name":"/home/runner/work/vinyl-vault/vinyl-vault/packages/frontend/src/components/TenantSwitcher.test.tsx"},{"assertionResults":[{"ancestorTitles":["","Toast - Component Enhancement Verification"],"fullName":" Toast - Component Enhancement Verification should accept optional title prop","status":"passed","title":"should accept optional title prop","duration":2,"failureMessages":[]},{"ancestorTitles":["","Toast - Component Enhancement Verification"],"fullName":" Toast - Component Enhancement Verification should render title when provided","status":"passed","title":"should render title when provided","duration":0,"failureMessages":[]},{"ancestorTitles":["","Toast - Component Enhancement Verification"],"fullName":" Toast - Component Enhancement Verification should render message without title when title is undefined","status":"passed","title":"should render message without title when title is undefined","duration":1,"failureMessages":[]},{"ancestorTitles":["","Toast - Component Enhancement Verification"],"fullName":" Toast - Component Enhancement Verification should accept autoClose prop","status":"passed","title":"should accept autoClose prop","duration":0,"failureMessages":[]},{"ancestorTitles":["","Toast - Component Enhancement Verification"],"fullName":" Toast - Component Enhancement Verification should auto-dismiss when autoClose is true","status":"passed","title":"should auto-dismiss when autoClose is true","duration":0,"failureMessages":[]},{"ancestorTitles":["","Toast - Component Enhancement Verification"],"fullName":" Toast - Component Enhancement Verification should not auto-dismiss when autoClose is false","status":"passed","title":"should not auto-dismiss when autoClose is false","duration":0,"failureMessages":[]},{"ancestorTitles":["","Toast - Component Enhancement Verification"],"fullName":" Toast - Component Enhancement Verification should maintain all existing type variants","status":"passed","title":"should maintain all existing type variants","duration":1,"failureMessages":[]},{"ancestorTitles":["","Toast - Component Enhancement Verification"],"fullName":" Toast - Component Enhancement Verification should maintain smooth animations","status":"passed","title":"should maintain smooth animations","duration":0,"failureMessages":[]},{"ancestorTitles":["","Toast - Component Enhancement Verification"],"fullName":" Toast - Component Enhancement Verification should maintain accessible markup","status":"passed","title":"should maintain accessible markup","duration":0,"failureMessages":[]},{"ancestorTitles":["","Toast - Component Enhancement Verification"],"fullName":" Toast - Component Enhancement Verification should maintain fixed positioning at top-right","status":"passed","title":"should maintain fixed positioning at top-right","duration":0,"failureMessages":[]},{"ancestorTitles":["","Toast - Integration with OrgInstalledNotification"],"fullName":" Toast - Integration with OrgInstalledNotification supports rich notification use case","status":"passed","title":"supports rich notification use case","duration":0,"failureMessages":[]},{"ancestorTitles":["","Toast - Integration with OrgInstalledNotification"],"fullName":" Toast - Integration with OrgInstalledNotification maintains backward compatibility with simple messages","status":"passed","title":"maintains backward compatibility with simple messages","duration":0,"failureMessages":[]},{"ancestorTitles":["","Toast - Integration with OrgInstalledNotification"],"fullName":" Toast - Integration with OrgInstalledNotification allows persistent notifications","status":"passed","title":"allows persistent notifications","duration":0,"failureMessages":[]},{"ancestorTitles":["","Toast - Props Interface"],"fullName":" Toast - Props Interface should have complete ToastProps interface","status":"passed","title":"should have complete ToastProps interface","duration":1,"failureMessages":[]}],"startTime":1771530065006,"endTime":1771530065012,"status":"passed","message":"","name":"/home/runner/work/vinyl-vault/vinyl-vault/packages/frontend/src/components/Toast.test.tsx"},{"assertionResults":[{"ancestorTitles":["","TrackList"],"fullName":" TrackList renders track list heading with count","status":"passed","title":"renders track list heading with count","duration":31,"failureMessages":[]},{"ancestorTitles":["","TrackList"],"fullName":" TrackList renders all tracks with title and duration","status":"passed","title":"renders all tracks with title and duration","duration":6,"failureMessages":[]},{"ancestorTitles":["","TrackList"],"fullName":" TrackList uses track position when available","status":"passed","title":"uses track position when available","duration":5,"failureMessages":[]},{"ancestorTitles":["","TrackList"],"fullName":" TrackList uses index when position is not provided","status":"passed","title":"uses index when position is not provided","duration":5,"failureMessages":[]},{"ancestorTitles":["","TrackList"],"fullName":" TrackList handles tracks without duration","status":"passed","title":"handles tracks without duration","duration":4,"failureMessages":[]},{"ancestorTitles":["","TrackList"],"fullName":" TrackList returns null when tracks array is empty","status":"passed","title":"returns null when tracks array is empty","duration":2,"failureMessages":[]},{"ancestorTitles":["","TrackList"],"fullName":" TrackList returns null when tracks prop is undefined","status":"passed","title":"returns null when tracks prop is undefined","duration":0,"failureMessages":[]},{"ancestorTitles":["","TrackList"],"fullName":" TrackList truncates long song titles","status":"passed","title":"truncates long song titles","duration":7,"failureMessages":[]}],"startTime":1771530067830,"endTime":1771530067890,"status":"passed","message":"","name":"/home/runner/work/vinyl-vault/vinyl-vault/packages/frontend/src/components/TrackList.test.tsx"},{"assertionResults":[{"ancestorTitles":["","LoadingContext"],"fullName":" LoadingContext should provide initial loading state as false","status":"passed","title":"should provide initial loading state as false","duration":39,"failureMessages":[]},{"ancestorTitles":["","LoadingContext"],"fullName":" LoadingContext should set loading state with setIsLoading","status":"passed","title":"should set loading state with setIsLoading","duration":5,"failureMessages":[]},{"ancestorTitles":["","LoadingContext"],"fullName":" LoadingContext should increment loading count","status":"passed","title":"should increment loading count","duration":3,"failureMessages":[]},{"ancestorTitles":["","LoadingContext"],"fullName":" LoadingContext should decrement loading count","status":"passed","title":"should decrement loading count","duration":3,"failureMessages":[]},{"ancestorTitles":["","LoadingContext"],"fullName":" LoadingContext should not go below zero when decrementing","status":"passed","title":"should not go below zero when decrementing","duration":2,"failureMessages":[]},{"ancestorTitles":["","LoadingContext"],"fullName":" LoadingContext should handle multiple async operations","status":"passed","title":"should handle multiple async operations","duration":2,"failureMessages":[]},{"ancestorTitles":["","LoadingContext"],"fullName":" LoadingContext should throw error when useLoading is used outside provider","status":"passed","title":"should throw error when useLoading is used outside provider","duration":23,"failureMessages":[]}],"startTime":1771530066200,"endTime":1771530066278,"status":"passed","message":"","name":"/home/runner/work/vinyl-vault/vinyl-vault/packages/frontend/src/contexts/LoadingContext.test.tsx"},{"assertionResults":[{"ancestorTitles":["","ToastContext"],"fullName":" ToastContext should provide initial empty toasts state","status":"passed","title":"should provide initial empty toasts state","duration":16,"failureMessages":[]},{"ancestorTitles":["","ToastContext"],"fullName":" ToastContext should add a toast with addToast","status":"passed","title":"should add a toast with addToast","duration":4,"failureMessages":[]},{"ancestorTitles":["","ToastContext"],"fullName":" ToastContext should remove a toast with removeToast","status":"passed","title":"should remove a toast with removeToast","duration":2,"failureMessages":[]},{"ancestorTitles":["","ToastContext"],"fullName":" ToastContext should clear all toasts with clearToasts","status":"passed","title":"should clear all toasts with clearToasts","duration":3,"failureMessages":[]},{"ancestorTitles":["","ToastContext"],"fullName":" ToastContext should auto-dismiss toasts after duration","status":"passed","title":"should auto-dismiss toasts after duration","duration":5,"failureMessages":[]},{"ancestorTitles":["","ToastContext"],"fullName":" ToastContext should throw error when useToast is used outside provider","status":"passed","title":"should throw error when useToast is used outside provider","duration":14,"failureMessages":[]},{"ancestorTitles":["","ToastContext"],"fullName":" ToastContext should support multiple toast types","status":"passed","title":"should support multiple toast types","duration":2,"failureMessages":[]}],"startTime":1771530066243,"endTime":1771530066289,"status":"passed","message":"","name":"/home/runner/work/vinyl-vault/vinyl-vault/packages/frontend/src/contexts/ToastContext.test.tsx"},{"assertionResults":[{"ancestorTitles":["","CollectionPage - Phase 2.2 Refactoring Documentation","UI Component Integration","Button Components"],"fullName":" CollectionPage - Phase 2.2 Refactoring Documentation UI Component Integration Button Components should use Button component for filters toggle","status":"passed","title":"should use Button component for filters toggle","duration":2,"failureMessages":[]},{"ancestorTitles":["","CollectionPage - Phase 2.2 Refactoring Documentation","UI Component Integration","Button Components"],"fullName":" CollectionPage - Phase 2.2 Refactoring Documentation UI Component Integration Button Components should use Button component for Apply Filters action","status":"passed","title":"should use Button component for Apply Filters action","duration":0,"failureMessages":[]},{"ancestorTitles":["","CollectionPage - Phase 2.2 Refactoring Documentation","UI Component Integration","Button Components"],"fullName":" CollectionPage - Phase 2.2 Refactoring Documentation UI Component Integration Button Components should use Button component for Clear Filters action","status":"passed","title":"should use Button component for Clear Filters action","duration":0,"failureMessages":[]},{"ancestorTitles":["","CollectionPage - Phase 2.2 Refactoring Documentation","UI Component Integration","Button Components"],"fullName":" CollectionPage - Phase 2.2 Refactoring Documentation UI Component Integration Button Components should use Button component for Scan Barcode CTA","status":"passed","title":"should use Button component for Scan Barcode CTA","duration":1,"failureMessages":[]},{"ancestorTitles":["","CollectionPage - Phase 2.2 Refactoring Documentation","UI Component Integration","Button Components"],"fullName":" CollectionPage - Phase 2.2 Refactoring Documentation UI Component Integration Button Components should use Button component for Load More with loading state","status":"passed","title":"should use Button component for Load More with loading state","duration":0,"failureMessages":[]},{"ancestorTitles":["","CollectionPage - Phase 2.2 Refactoring Documentation","UI Component Integration","Input Components"],"fullName":" CollectionPage - Phase 2.2 Refactoring Documentation UI Component Integration Input Components should use Input component for search field","status":"passed","title":"should use Input component for search field","duration":0,"failureMessages":[]},{"ancestorTitles":["","CollectionPage - Phase 2.2 Refactoring Documentation","UI Component Integration","Input Components"],"fullName":" CollectionPage - Phase 2.2 Refactoring Documentation UI Component Integration Input Components should use Input component for location filter","status":"passed","title":"should use Input component for location filter","duration":1,"failureMessages":[]},{"ancestorTitles":["","CollectionPage - Phase 2.2 Refactoring Documentation","UI Component Integration","Input Components"],"fullName":" CollectionPage - Phase 2.2 Refactoring Documentation UI Component Integration Input Components should arrange inputs in responsive grid","status":"passed","title":"should arrange inputs in responsive grid","duration":0,"failureMessages":[]},{"ancestorTitles":["","CollectionPage - Phase 2.2 Refactoring Documentation","UI Component Integration","LoadingSpinner Components"],"fullName":" CollectionPage - Phase 2.2 Refactoring Documentation UI Component Integration LoadingSpinner Components should use LoadingSpinner for initial page loading","status":"passed","title":"should use LoadingSpinner for initial page loading","duration":0,"failureMessages":[]},{"ancestorTitles":["","CollectionPage - Phase 2.2 Refactoring Documentation","UI Component Integration","LoadingSpinner Components"],"fullName":" CollectionPage - Phase 2.2 Refactoring Documentation UI Component Integration LoadingSpinner Components should use LoadingSpinner in Load More button","status":"passed","title":"should use LoadingSpinner in Load More button","duration":1,"failureMessages":[]},{"ancestorTitles":["","CollectionPage - Phase 2.2 Refactoring Documentation","UI Component Integration","LoadingSpinner Components"],"fullName":" CollectionPage - Phase 2.2 Refactoring Documentation UI Component Integration LoadingSpinner Components should show loading text with spinner","status":"passed","title":"should show loading text with spinner","duration":0,"failureMessages":[]},{"ancestorTitles":["","CollectionPage - Phase 2.2 Refactoring Documentation","Page Structure","Header Section"],"fullName":" CollectionPage - Phase 2.2 Refactoring Documentation Page Structure Header Section should display collection title and count","status":"passed","title":"should display collection title and count","duration":0,"failureMessages":[]},{"ancestorTitles":["","CollectionPage - Phase 2.2 Refactoring Documentation","Page Structure","Header Section"],"fullName":" CollectionPage - Phase 2.2 Refactoring Documentation Page Structure Header Section should include filters toggle button","status":"passed","title":"should include filters toggle button","duration":0,"failureMessages":[]},{"ancestorTitles":["","CollectionPage - Phase 2.2 Refactoring Documentation","Page Structure","Header Section"],"fullName":" CollectionPage - Phase 2.2 Refactoring Documentation Page Structure Header Section should use white background with bottom border","status":"passed","title":"should use white background with bottom border","duration":1,"failureMessages":[]},{"ancestorTitles":["","CollectionPage - Phase 2.2 Refactoring Documentation","Page Structure","Filters Panel"],"fullName":" CollectionPage - Phase 2.2 Refactoring Documentation Page Structure Filters Panel should show/hide based on showFilters state","status":"passed","title":"should show/hide based on showFilters state","duration"
[...]
"startTime":1771530069632,"endTime":1771530069783,"status":"passed","message":"","name":"/home/runner/work/vinyl-vault/vinyl-vault/packages/frontend/src/pages/NotFoundPage.test.tsx"},{"assertionResults":[{"ancestorTitles":["","ScanPage - Test Coverage Documentation","Component Structure"],"fullName":" ScanPage - Test Coverage Documentation Component Structure should be a simple wrapper for ScanBarcode component","status":"passed","title":"should be a simple wrapper for ScanBarcode component","duration":1,"failureMessages":[]},{"ancestorTitles":["","ScanPage - Test Coverage Documentation","Component Structure"],"fullName":" ScanPage - Test Coverage Documentation Component Structure should accept optional onRecordAdded callback prop","status":"passed","title":"should accept optional onRecordAdded callback prop","duration":0,"failureMessages":[]},{"ancestorTitles":["","ScanPage - Test Coverage Documentation","Component Structure"],"fullName":" ScanPage - Test Coverage Documentation Component Structure should use flex layout for full-height page","status":"passed","title":"should use flex layout for full-height page","duration":0,"failureMessages":[]},{"ancestorTitles":["","ScanPage - Test Coverage Documentation","Authentication Handling"],"fullName":" ScanPage - Test Coverage Documentation Authentication Handling should check user authentication with useAuth hook","status":"passed","title":"should check user authentication with useAuth hook","duration":0,"failureMessages":[]},{"ancestorTitles":["","ScanPage - Test Coverage Documentation","Authentication Handling"],"fullName":" ScanPage - Test Coverage Documentation Authentication Handling should show sign-in message when user not authenticated","status":"passed","title":"should show sign-in message when user not authenticated","duration":1,"failureMessages":[]},{"ancestorTitles":["","ScanPage - Test Coverage Documentation","Authentication Handling"],"fullName":" ScanPage - Test Coverage Documentation Authentication Handling should show scan interface when user authenticated","status":"passed","title":"should show scan interface when user authenticated","duration":0,"failureMessages":[]},{"ancestorTitles":["","ScanPage - Test Coverage Documentation","Authentication Handling"],"fullName":" ScanPage - Test Coverage Documentation Authentication Handling should center unauthenticated message","status":"passed","title":"should center unauthenticated message","duration":0,"failureMessages":[]},{"ancestorTitles":["","ScanPage - Test Coverage Documentation","Page Header"],"fullName":" ScanPage - Test Coverage Documentation Page Header should display page title in header","status":"passed","title":"should display page title in header","duration":1,"failureMessages":[]},{"ancestorTitles":["","ScanPage - Test Coverage Documentation","Page Header"],"fullName":" ScanPage - Test Coverage Documentation Page Header should display descriptive subtitle","status":"passed","title":"should display descriptive subtitle","duration":0,"failureMessages":[]},{"ancestorTitles":["","ScanPage - Test Coverage Documentation","Page Header"],"fullName":" ScanPage - Test Coverage Documentation Page Header should use white background with bottom border","status":"passed","title":"should use white background with bottom border","duration":1,"failureMessages":[]},{"ancestorTitles":["","ScanPage - Test Coverage Documentation","Page Header"],"fullName":" ScanPage - Test Coverage Documentation Page Header should maintain consistent header layout","status":"passed","title":"should maintain consistent header layout","duration":0,"failureMessages":[]},{"ancestorTitles":["","ScanPage - Test Coverage Documentation","Content Area"],"fullName":" ScanPage - Test Coverage Documentation Content Area should render ScanBarcode component","status":"passed","title":"should render ScanBarcode component","duration":0,"failureMessages":[]},{"ancestorTitles":["","ScanPage - Test Coverage Documentation","Content Area"],"fullName":" ScanPage - Test Coverage Documentation Content Area should pass onRecordAdded callback to ScanBarcode","status":"passed","title":"should pass onRecordAdded callback to ScanBarcode","duration":3,"failureMessages":[]},{"ancestorTitles":["","ScanPage - Test Coverage Documentation","Content Area"],"fullName":" ScanPage - Test Coverage Documentation Content Area should use gray background for content area","status":"passed","title":"should use gray background for content area","duration":0,"failureMessages":[]},{"ancestorTitles":["","ScanPage - Test Coverage Documentation","Content Area"],"fullName":" ScanPage - Test Coverage Documentation Content Area should make content area scrollable","status":"passed","title":"should make content area scrollable","duration":0,"failureMessages":[]},{"ancestorTitles":["","ScanPage - Test Coverage Documentation","Layout and Responsive Design"],"fullName":" ScanPage - Test Coverage Documentation Layout and Responsive Design should use flex-1 to fill available height","status":"passed","title":"should use flex-1 to fill available height","duration":1,"failureMessages":[]},{"ancestorTitles":["","ScanPage - Test Coverage Documentation","Layout and Responsive Design"],"fullName":" ScanPage - Test Coverage Documentation Layout and Responsive Design should use flex-col for vertical layout","status":"passed","title":"should use flex-col for vertical layout","duration":0,"failureMessages":[]},{"ancestorTitles":["","ScanPage - Test Coverage Documentation","Layout and Responsive Design"],"fullName":" ScanPage - Test Coverage Documentation Layout and Responsive Design should work on mobile and desktop","status":"passed","title":"should work on mobile and desktop","duration":0,"failureMessages":[]},{"ancestorTitles":["","ScanPage - Test Coverage Documentation","ScanBarcode Integration"],"fullName":" ScanPage - Test Coverage Documentation ScanBarcode Integration should delegate all scan functionality to ScanBarcode","status":"passed","title":"should delegate all scan functionality to ScanBarcode","duration":0,"failureMessages":[]},{"ancestorTitles":["","ScanPage - Test Coverage Documentation","ScanBarcode Integration"],"fullName":" ScanPage - Test Coverage Documentation ScanBarcode Integration should use ScanBarcode from components index","status":"passed","title":"should use ScanBarcode from components index","duration":0,"failureMessages":[]},{"ancestorTitles":["","ScanPage - Test Coverage Documentation","ScanBarcode Integration"],"fullName":" ScanPage - Test Coverage Documentation ScanBarcode Integration should not duplicate ScanBarcode functionality","status":"passed","title":"should not duplicate ScanBarcode functionality","duration":1,"failureMessages":[]},{"ancestorTitles":["","ScanPage - Test Coverage Documentation","Authentication Flow"],"fullName":" ScanPage - Test Coverage Documentation Authentication Flow should prevent scanning without authentication","status":"passed","title":"should prevent scanning without authentication","duration":2,"failureMessages":[]},{"ancestorTitles":["","ScanPage - Test Coverage Documentation","Authentication Flow"],"fullName":" ScanPage - Test Coverage Documentation Authentication Flow should show helpful message for unauthenticated users","status":"passed","title":"should show helpful message for unauthenticated users","duration":0,"failureMessages":[]},{"ancestorTitles":["","ScanPage - Test Coverage Documentation","Authentication Flow"],"fullName":" ScanPage - Test Coverage Documentation Authentication Flow should use AuthContext for user state","status":"passed","title":"should use AuthContext for user state","duration":0,"failureMessages":[]},{"ancestorTitles":["","ScanPage - Test Coverage Documentation","Callback Handling"],"fullName":" ScanPage - Test Coverage Documentation Callback Handling should support optional onRecordAdded callback","status":"passed","title":"should support optional onRecordAdded callback","duration":0,"failureMessages":[]},{"ancestorTitles":["","ScanPage - Test Coverage Documentation","Callback Handling"],"fullName":" ScanPage - Test Coverage Documentation Callback Handling should forward callback to ScanBarcode component","status":"passed","title":"should forward callback to ScanBarcode component","duration":0,"failureMessages":[]},{"ancestorTitles":["","ScanPage - Test Coverage Documentation","Callback Handling"],"fullName":" ScanPage - Test Coverage Documentation Callback Handling should work without callback provided","status":"passed","title":"should work without callback provided","duration":0,"failureMessages":[]},{"ancestorTitles":["","ScanPage - Test Coverage Documentation","Callback Handling"],"fullName":" ScanPage - Test Coverage Documentation Callback Handling should enable parent components to react to record addition","status":"passed","title":"should enable parent components to react to record addition","duration":0,"failureMessages":[]},{"ancestorTitles":["","ScanPage - Test Coverage Documentation","Visual Design"],"fullName":" ScanPage - Test Coverage Documentation Visual Design should use consistent color scheme","status":"passed","title":"should use consistent color scheme","duration":0,"failureMessages":[]},{"ancestorTitles":["","ScanPage - Test Coverage Documentation","Visual Design"],"fullName":" ScanPage - Test Coverage Documentation Visual Design should maintain visual hierarchy","status":"passed","title":"should maintain visual hierarchy","duration":0,"failureMessages":[]},{"ancestorTitles":["","ScanPage - Test Coverage Documentation","Visual Design"],"fullName":" ScanPage - Test Coverage Documentation Visual Design should use subtle borders for separation","status":"passed","title":"should use subtle borders for separation","duration":0,"failureMessages":[]},{"ancestorTitles":["","ScanPage - Test Coverage Documentation","Accessibility"],"fullName":" ScanPage - Test Coverage Documentation Accessibility should use semantic heading structure","status":"passed","title":"should use semantic heading structure","duration":0,"failureMessages":[]},{"ancestorTitles":["","ScanPage - Test Coverage Documentation","Accessibility"],"fullName":" ScanPage - Test Coverage Documentation Accessibility should provide clear messaging for all states","status":"passed","title":"should provide clear messaging for all states","duration":1,"failureMessages":[]},{"ancestorTitles":["","ScanPage - Test Coverage Documentation","Accessibility"],"fullName":" ScanPage - Test Coverage Documentation Accessibility should delegate scan accessibility to ScanBarcode","status":"passed","title":"should delegate scan accessibility to ScanBarcode","duration":0,"failureMessages":[]},{"ancestorTitles":["","ScanPage - Test Coverage Documentation","Props Interface"],"fullName":" ScanPage - Test Coverage Documentation Props Interface should define ScanPageProps interface","status":"passed","title":"should define ScanPageProps interface","duration":0,"failureMessages":[]},{"ancestorTitles":["","ScanPage - Test Coverage Documentation","Props Interface"],"fullName":" ScanPage - Test Coverage Documentation Props Interface should accept optional callback function","status":"passed","title":"should accept optional callback function","duration":0,"failureMessages":[]},{"ancestorTitles":["","ScanPage - Test Coverage Documentation","Props Interface"],"fullName":" ScanPage - Test Coverage Documentation Props Interface should provide type safety for consumers","status":"passed","title":"should provide type safety for consumers","duration":0,"failureMessages":[]},{"ancestorTitles":["","ScanPage - Test Coverage Documentation","Component Simplicity"],"fullName":" ScanPage - Test Coverage Documentation Component Simplicity should be a minimal wrapper component","status":"passed","title":"should be a minimal wrapper component","duration":0,"failureMessages":[]},{"ancestorTitles":["","ScanPage - Test Coverage Documentation","Component Simplicity"],"fullName":" ScanPage - Test Coverage Documentation Component Simplicity should not manage scan state","status":"passed","title":"should not manage scan state","duration":0,"failureMessages":[]},{"ancestorTitles":["","ScanPage - Test Coverage Documentation","Component Simplicity"],"fullName":" ScanPage - Test Coverage Documentation Component Simplicity should not make API calls","status":"passed","title":"should not make API calls","duration":0,"failureMessages":[]},{"ancestorTitles":["","ScanPage - Test Coverage Documentation","Component Simplicity"],"fullName":" ScanPage - Test Coverage Documentation Component Simplicity should focus on page structure and auth","status":"passed","title":"should focus on page structure and auth","duration":1,"failureMessages":[]},{"ancestorTitles":["","ScanPage - Test Coverage Documentation","Integration Points"],"fullName":" ScanPage - Test Coverage Documentation Integration Points should integrate with AuthContext","status":"passed","title":"should integrate with AuthContext","duration":0,"failureMessages":[]},{"ancestorTitles":["","ScanPage - Test Coverage Documentation","Integration Points"],"fullName":" ScanPage - Test Coverage Documentation Integration Points should integrate with ScanBarcode component","status":"passed","title":"should integrate with ScanBarcode component","duration":1,"failureMessages":[]},{"ancestorTitles":["","ScanPage - Test Coverage Documentation","Integration Points"],"fullName":" ScanPage - Test Coverage Documentation Integration Points should work with app routing","status":"passed","title":"should work with app routing","duration":0,"failureMessages":[]},{"ancestorTitles":["","ScanPage - Test Coverage Documentation","Integration Points"],"fullName":" ScanPage - Test Coverage Documentation Integration Points should support parent component callbacks","status":"passed","title":"should support parent component callbacks","duration":0,"failureMessages":[]},{"ancestorTitles":["","ScanPage - Test Coverage Documentation","User Experience"],"fullName":" ScanPage - Test Coverage Documentation User Experience should provide immediate feedback for auth state","status":"passed","title":"should provide immediate feedback for auth state","duration":0,"failureMessages":[]},{"ancestorTitles":["","ScanPage - Test Coverage Documentation","User Experience"],"fullName":" ScanPage - Test Coverage Documentation User Experience should guide unauthenticated users","status":"passed","title":"should guide unauthenticated users","duration":0,"failureMessages":[]},{"ancestorTitles":["","ScanPage - Test Coverage Documentation","User Experience"],"fullName":" ScanPage - Test Coverage Documentation User Experience should provide clear page context","status":"passed","title":"should provide clear page context","duration":0,"failureMessages":[]},{"ancestorTitles":["","ScanPage - Test Coverage Documentation","User Experience"],"fullName":" ScanPage - Test Coverage Documentation User Experience should enable smooth workflow after scan","status":"passed","title":"should enable smooth workflow after scan","duration":0,"failureMessages":[]},{"ancestorTitles":["","ScanPage - Test Coverage Documentation","Code Organization"],"fullName":" ScanPage - Test Coverage Documentation Code Organization should keep page logic separate from scan logic","status":"passed","title":"should keep page logic separate from scan logic","duration":0,"failureMessages":[]},{"ancestorTitles":["","ScanPage - Test Coverage Documentation","Code Organization"],"fullName":" ScanPage - Test Coverage Documentation Code Organization should use consistent import patterns","status":"passed","title":"should use consistent import patterns","duration":1,"failureMessages":[]},{"ancestorTitles":["","ScanPage - Test Coverage Documentation","Code Organization"],"fullName":" ScanPage - Test Coverage Documentation Code Organization should follow React best practices","status":"passed","title":"should follow React best practices","duration":0,"failureMessages":[]},{"ancestorTitles":["","ScanPage - Test Coverage Documentation","Testability"],"fullName":" ScanPage - Test Coverage Documentation Testability should be easy to test authentication states","status":"passed","title":"should be easy to test authentication states","duration":0,"failureMessages":[]},{"ancestorTitles":["","ScanPage - Test Coverage Documentation","Testability"],"fullName":" ScanPage - Test Coverage Documentation Testability should be easy to test callback forwarding","status":"passed","title":"should be easy to test callback forwarding","duration":1,"failureMessages":[]},{"ancestorTitles":["","ScanPage - Test Coverage Documentation","Testability"],"fullName":" ScanPage - Test Coverage Documentation Testability should have minimal mocking requirements","status":"passed","title":"should have minimal mocking requirements","duration":1,"failureMessages":[]},{"ancestorTitles":["","ScanPage - Test Coverage Documentation","Maintainability"],"fullName":" ScanPage - Test Coverage Documentation Maintainability should be easy to modify page structure","status":"passed","title":"should be easy to modify page structure","duration":0,"failureMessages":[]},{"ancestorTitles":["","ScanPage - Test Coverage Documentation","Maintainability"],"fullName":" ScanPage - Test Coverage Documentation Maintainability should isolate changes to ScanBarcode","status":"passed","title":"should isolate changes to ScanBarcode","duration":0,"failureMessages":[]},{"ancestorTitles":["","ScanPage - Test Coverage Documentation","Maintainability"],"fullName":" ScanPage - Test Coverage Documentation Maintainability should be self-documenting","status":"passed","title":"should be self-documenting","duration":0,"failureMessages":[]}],"startTime":1771530060501,"endTime":1771530060526,"status":"passed","message":"","name":"/home/runner/work/vinyl-vault/vinyl-vault/packages/frontend/src/pages/ScanPage.test.tsx"},{"assertionResults":[{"ancestorTitles":["","Routing"],"fullName":" Routing renders HomePage for root path","status":"passed","title":"renders HomePage for root path","duration":59,"failureMessages":[]},{"ancestorTitles":["","Routing"],"fullName":" Routing renders ScanPage for /scan path","status":"passed","title":"renders ScanPage for /scan path","duration":11,"failureMessages":[]},{"ancestorTitles":["","Routing"],"fullName":" Routing renders SearchPage for /search path","status":"passed","title":"renders SearchPage for /search path","duration":13,"failureMessages":[]},{"ancestorTitles":["","Routing"],"fullName":" Routing renders NotFoundPage for unknown paths","status":"passed","title":"renders NotFoundPage for unknown paths","duration":9,"failureMessages":[]}],"startTime":1771530068836,"endTime":1771530068928,"status":"passed","message":"","name":"/home/runner/work/vinyl-vault/vinyl-vault/packages/frontend/src/test/routing.test.tsx"},{"assertionResults":[{"ancestorTitles":["","Relay Hooks Integration"],"fullName":" Relay Hooks Integration should fetch viewer data via hook","status":"passed","title":"should fetch viewer data via hook","duration":5,"failureMessages":[]},{"ancestorTitles":["","Relay Hooks Integration"],"fullName":" Relay Hooks Integration should handle GraphQL errors from hooks","status":"passed","title":"should handle GraphQL errors from hooks","duration":1,"failureMessages":[]},{"ancestorTitles":["","Relay Hooks Integration"],"fullName":" Relay Hooks Integration should support pagination in records query","status":"passed","title":"should support pagination in records query","duration":1,"failureMessages":[]},{"ancestorTitles":["","Relay Hooks Integration"],"fullName":" Relay Hooks Integration should handle mutations with useCreateRecordMutation pattern","status":"passed","title":"should handle mutations with useCreateRecordMutation pattern","duration":1,"failureMessages":[]}],"startTime":1771530064095,"endTime":1771530064103,"status":"passed","message":"","name":"/home/runner/work/vinyl-vault/vinyl-vault/packages/frontend/src/hooks/relay/relay-hooks.integration.test.ts"}]}